0 info it worked if it ends with ok
1 verbose cli [ '/usr/local/bin/node', '/usr/local/bin/npm', 'run', 'babel' ]
2 info using npm@3.7.2
3 info using node@v4.2.1
4 verbose run-script [ 'prebabel', 'babel', 'postbabel' ]
5 info lifecycle es-6-babel-exercise@1.0.0~prebabel: es-6-babel-exercise@1.0.0
6 silly lifecycle es-6-babel-exercise@1.0.0~prebabel: no script for prebabel, continuing
7 info lifecycle es-6-babel-exercise@1.0.0~babel: es-6-babel-exercise@1.0.0
8 verbose lifecycle es-6-babel-exercise@1.0.0~babel: unsafe-perm in lifecycle true
9 verbose lifecycle es-6-babel-exercise@1.0.0~babel: PATH: /usr/local/lib/node_modules/npm/bin/node-gyp-bin:/Users/maksim/Documents/280CapPrepWork/es-6-babel-exercise/node_modules/.bin:/usr/local/bin:/usr/local/bin:/Users/maksim/.rvm/bin/usr/local/bin:/usr/bin:/bin:/usr/sbin:/sbin:/usr/local/git/bin:/usr/local/bin:/usr/bin:/bin:/usr/sbin:/sbin:/usr/local/git/bin:/Users/maksim/.rvm/bin
10 verbose lifecycle es-6-babel-exercise@1.0.0~babel: CWD: /Users/maksim/Documents/280CapPrepWork/es-6-babel-exercise
11 silly lifecycle es-6-babel-exercise@1.0.0~babel: Args: [ '-c', 'babel app.js --watch -out-file app-compiled.js' ]
12 silly lifecycle es-6-babel-exercise@1.0.0~babel: Returned: code: 2  signal: null
13 info lifecycle es-6-babel-exercise@1.0.0~babel: Failed to exec babel script
14 verbose stack Error: es-6-babel-exercise@1.0.0 babel: `babel app.js --watch -out-file app-compiled.js`
14 verbose stack Exit status 2
14 verbose stack     at EventEmitter.<anonymous> (/usr/local/lib/node_modules/npm/lib/utils/lifecycle.js:239:16)
14 verbose stack     at emitTwo (events.js:87:13)
14 verbose stack     at EventEmitter.emit (events.js:172:7)
14 verbose stack     at ChildProcess.<anonymous> (/usr/local/lib/node_modules/npm/lib/utils/spawn.js:24:14)
14 verbose stack     at emitTwo (events.js:87:13)
14 verbose stack     at ChildProcess.emit (events.js:172:7)
14 verbose stack     at maybeClose (internal/child_process.js:818:16)
14 verbose stack     at Process.ChildProcess._handle.onexit (internal/child_process.js:211:5)
15 verbose pkgid es-6-babel-exercise@1.0.0
16 verbose cwd /Users/maksim/Documents/280CapPrepWork/es-6-babel-exercise
17 error Darwin 15.6.0
18 error argv "/usr/local/bin/node" "/usr/local/bin/npm" "run" "babel"
19 error node v4.2.1
20 error npm  v3.7.2
21 error code ELIFECYCLE
22 error es-6-babel-exercise@1.0.0 babel: `babel app.js --watch -out-file app-compiled.js`
22 error Exit status 2
23 error Failed at the es-6-babel-exercise@1.0.0 babel script 'babel app.js --watch -out-file app-compiled.js'.
23 error Make sure you have the latest version of node.js and npm installed.
23 error If you do, this is most likely a problem with the es-6-babel-exercise package,
23 error not with npm itself.
23 error Tell the author that this fails on your system:
23 error     babel app.js --watch -out-file app-compiled.js
23 error You can get information on how to open an issue for this project with:
23 error     npm bugs es-6-babel-exercise
23 error Or if that isn't available, you can get their info via:
23 error     npm owner ls es-6-babel-exercise
23 error There is likely additional logging output above.
24 verbose exit [ 1, true ]
